Build started 07/03/2017 20:34:04.
     1>Project "C:\Users\INTEL\Desktop\UCB\7mo Semestre\Graficas por computadora\Proyecto RGB\graf 1\graf 1\graf 1.vcxproj" on node 2 (Build target(s)).
     1>ClCompile:
         C:\Program Files (x86)\Microsoft Visual Studio 12.0\VC\bin\CL.exe /c /ZI /nologo /W3 /WX- /sdl /Od /Oy- /D WIN32 /D _DEBUG /D _CONSOLE /D _LIB /D _UNICODE /D UNICODE /Gm /EHsc /RTC1 /MDd /GS /fp:precise /Zc:wchar_t /Zc:forScope /Fo"Debug\\" /Fd"Debug\vc120.pdb" /Gd /TP /analyze- /errorReport:prompt vector.cpp
         vector.cpp
     1>c:\users\intel\desktop\ucb\7mo semestre\graficas por computadora\proyecto rgb\graf 1\graf 1\vector.cpp(34): warning C4101: 'y1' : unreferenced local variable
     1>c:\users\intel\desktop\ucb\7mo semestre\graficas por computadora\proyecto rgb\graf 1\graf 1\vector.cpp(34): warning C4101: 'x1' : unreferenced local variable
     1>c:\users\intel\desktop\ucb\7mo semestre\graficas por computadora\proyecto rgb\graf 1\graf 1\vector.cpp(34): warning C4101: 'z1' : unreferenced local variable
     1>c:\users\intel\desktop\ucb\7mo semestre\graficas por computadora\proyecto rgb\graf 1\graf 1\vector.cpp(44): warning C4101: 'y1' : unreferenced local variable
     1>c:\users\intel\desktop\ucb\7mo semestre\graficas por computadora\proyecto rgb\graf 1\graf 1\vector.cpp(44): warning C4101: 'x1' : unreferenced local variable
     1>c:\users\intel\desktop\ucb\7mo semestre\graficas por computadora\proyecto rgb\graf 1\graf 1\vector.cpp(44): warning C4101: 'z1' : unreferenced local variable
     1>c:\users\intel\desktop\ucb\7mo semestre\graficas por computadora\proyecto rgb\graf 1\graf 1\vector.cpp(63): warning C4101: 'xa' : unreferenced local variable
     1>c:\users\intel\desktop\ucb\7mo semestre\graficas por computadora\proyecto rgb\graf 1\graf 1\vector.cpp(63): warning C4101: 'za' : unreferenced local variable
     1>c:\users\intel\desktop\ucb\7mo semestre\graficas por computadora\proyecto rgb\graf 1\graf 1\vector.cpp(63): warning C4101: 'ya' : unreferenced local variable
       Link:
         C:\Program Files (x86)\Microsoft Visual Studio 12.0\VC\bin\link.exe /ERRORREPORT:PROMPT /OUT:"C:\Users\INTEL\Desktop\UCB\7mo Semestre\Graficas por computadora\Proyecto RGB\graf 1\Debug\graf 1.exe" /INCREMENTAL /NOLOGO kernel32.lib user32.lib gdi32.lib winspool.lib comdlg32.lib advapi32.lib shell32.lib ole32.lib oleaut32.lib uuid.lib odbc32.lib odbccp32.lib /MANIFEST /MANIFESTUAC:"level='asInvoker' uiAccess='false'" /manifest:embed /DEBUG /PDB:"C:\Users\INTEL\Desktop\UCB\7mo Semestre\Graficas por computadora\Proyecto RGB\graf 1\Debug\graf 1.pdb" /SUBSYSTEM:CONSOLE /TLBID:1 /DYNAMICBASE /NXCOMPAT /IMPLIB:"C:\Users\INTEL\Desktop\UCB\7mo Semestre\Graficas por computadora\Proyecto RGB\graf 1\Debug\graf 1.lib" /MACHINE:X86 Debug\camara.obj
         Debug\rgb.obj
         Debug\Source.obj
         Debug\vector.obj
         graf 1.vcxproj -> C:\Users\INTEL\Desktop\UCB\7mo Semestre\Graficas por computadora\Proyecto RGB\graf 1\Debug\graf 1.exe
     1>Done Building Project "C:\Users\INTEL\Desktop\UCB\7mo Semestre\Graficas por computadora\Proyecto RGB\graf 1\graf 1\graf 1.vcxproj" (Build target(s)).

Build succeeded.

Time Elapsed 00:00:00.95
